<?xml version="1.0" encoding="UTF-8"?>
<!-- Generated by org.testng.reporters.JUnitReportReporter -->
<testsuite hostname="DESKTOP-G81GSTS" name="za.ac.cput.rugby_team_profiles.AppTest" tests="1" failures="0" timestamp="25 Sep 2015 11:19:57 GMT" time="0.005" errors="0">
  <testcase name="testApp" time="0.005" classname="za.ac.cput.rugby_team_profiles.AppTest"/>
</testsuite> <!-- za.ac.cput.rugby_team_profiles.AppTest -->
