<?xml version="1.0" encoding="UTF-8"?>
<!-- Generated by org.testng.reporters.JUnitReportReporter -->
<testsuite hostname="DESKTOP-G81GSTS" name="za.ac.cput.rugby_team_profiles.domain.VenueTest" tests="2" failures="0" timestamp="25 Sep 2015 11:19:57 GMT" time="0.005" errors="0">
  <testcase name="testVenueUpDate" time="0.004" classname="za.ac.cput.rugby_team_profiles.domain.VenueTest"/>
  <testcase name="testVenue" time="0.001" classname="za.ac.cput.rugby_team_profiles.domain.VenueTest"/>
</testsuite> <!-- za.ac.cput.rugby_team_profiles.domain.VenueTest -->
